H:\DESKTOP\C++ PROJECTS\FROGGER\FROGGER\DEBUG\CAR.OBJ
H:\DESKTOP\C++ PROJECTS\FROGGER\FROGGER\DEBUG\FROG.OBJ
H:\DESKTOP\C++ PROJECTS\FROGGER\FROGGER\DEBUG\MAIN.OBJ
H:\DESKTOP\C++ PROJECTS\FROGGER\FROGGER\DEBUG\ROAD.OBJ
H:\DESKTOP\C++ PROJECTS\FROGGER\FROGGER\DEBUG\VEHICLE.OBJ
H:\DESKTOP\C++ PROJECTS\FROGGER\FROGGER\DEBUG\VC110.PDB
H:\DESKTOP\C++ PROJECTS\FROGGER\DEBUG\FROGGER.ILK
H:\DESKTOP\C++ PROJECTS\FROGGER\DEBUG\FROGGER.EXE
H:\DESKTOP\C++ PROJECTS\FROGGER\DEBUG\FROGGER.PDB
H:\Desktop\C++ Projects\Frogger\Frogger\Debug\Car.obj
H:\Desktop\C++ Projects\Frogger\Frogger\Debug\Frog.obj
H:\Desktop\C++ Projects\Frogger\Frogger\Debug\Road.obj
H:\Desktop\C++ Projects\Frogger\Frogger\Debug\main.obj
H:\Desktop\C++ Projects\Frogger\Frogger\Debug\Vehicle.obj
H:\Desktop\C++ Projects\Frogger\Frogger\Debug\CL.read.1.tlog
H:\Desktop\C++ Projects\Frogger\Frogger\Debug\CL.write.1.tlog
H:\Desktop\C++ Projects\Frogger\Frogger\Debug\cl.command.1.tlog
H:\Desktop\C++ Projects\Frogger\Frogger\Debug\link-rc.read.1.tlog
H:\Desktop\C++ Projects\Frogger\Frogger\Debug\link-rc.write.1.tlog
H:\Desktop\C++ Projects\Frogger\Frogger\Debug\link-cvtres.read.1.tlog
H:\Desktop\C++ Projects\Frogger\Frogger\Debug\link-cvtres.write.1.tlog
H:\Desktop\C++ Projects\Frogger\Frogger\Debug\link.read.1.tlog
H:\Desktop\C++ Projects\Frogger\Frogger\Debug\link.write.1.tlog
H:\Desktop\C++ Projects\Frogger\Frogger\Debug\link.command.1.tlog
H:\Desktop\C++ Projects\Frogger\Frogger\Debug\vc110.idb
H:\Desktop\C++ Projects\Frogger\Frogger\Debug\vc110.pdb
H:\Desktop\C++ Projects\Frogger\Debug\Frogger.pdb
H:\Desktop\C++ Projects\Frogger\Debug\Frogger.exe
H:\Desktop\C++ Projects\Frogger\Debug\Frogger.ilk
